[I 2025-05-03 17:15:57,093] Using an existing study with name 'gd_pops_v5_tuning' instead of creating a new one.
[I 2025-05-03 17:55:04,744] Trial 53 finished with value: 0.5 and parameters: {'learning_rate': 0.00031209586530431716, 'optimizer_type': 'adam', 'penalty_type': 'Reciprocal_L1', 'penalty_lambda': 0.014925357552658513, 'N_grad_samples': 10}. Best is trial 53 with value: 0.5.
[I 2025-05-03 18:34:15,971] Trial 54 finished with value: 0.5 and parameters: {'learning_rate': 0.0002626535563018118, 'optimizer_type': 'adam', 'penalty_type': 'Reciprocal_L1', 'penalty_lambda': 0.015522297117886243, 'N_grad_samples': 10}. Best is trial 53 with value: 0.5.
[I 2025-05-03 19:13:44,225] Trial 55 finished with value: 0.5 and parameters: {'learning_rate': 0.00021876340895561104, 'optimizer_type': 'adam', 'penalty_type': 'Reciprocal_L1', 'penalty_lambda': 0.013127099443443159, 'N_grad_samples': 10}. Best is trial 53 with value: 0.5.
[I 2025-05-03 19:53:12,194] Trial 56 finished with value: 0.5 and parameters: {'learning_rate': 0.0002712460910651035, 'optimizer_type': 'adam', 'penalty_type': 'Reciprocal_L1', 'penalty_lambda': 0.016394918038609783, 'N_grad_samples': 10}. Best is trial 53 with value: 0.5.
[I 2025-05-03 20:32:42,109] Trial 57 finished with value: 0.5 and parameters: {'learning_rate': 0.0001499730884906604, 'optimizer_type': 'adam', 'penalty_type': 'Reciprocal_L1', 'penalty_lambda': 0.015038120608254373, 'N_grad_samples': 10}. Best is trial 53 with value: 0.5.
[I 2025-05-03 21:12:05,681] Trial 58 finished with value: 0.5 and parameters: {'learning_rate': 0.00015307695077185443, 'optimizer_type': 'adam', 'penalty_type': 'Reciprocal_L1', 'penalty_lambda': 0.016281951161127253, 'N_grad_samples': 10}. Best is trial 53 with value: 0.5.
[I 2025-05-03 21:51:29,977] Trial 59 finished with value: 0.5 and parameters: {'learning_rate': 0.00015569068456405195, 'optimizer_type': 'adam', 'penalty_type': 'Reciprocal_L1', 'penalty_lambda': 0.0881285386384818, 'N_grad_samples': 10}. Best is trial 53 with value: 0.5.
[I 2025-05-03 22:30:39,863] Trial 60 finished with value: 0.5 and parameters: {'learning_rate': 0.00014564038911474812, 'optimizer_type': 'adam', 'penalty_type': 'Reciprocal_L1', 'penalty_lambda': 0.018888050324073254, 'N_grad_samples': 10}. Best is trial 53 with value: 0.5.
[I 2025-05-03 23:09:50,819] Trial 61 finished with value: 0.5 and parameters: {'learning_rate': 0.0003847742963104183, 'optimizer_type': 'adam', 'penalty_type': 'Reciprocal_L1', 'penalty_lambda': 0.029747191895629983, 'N_grad_samples': 10}. Best is trial 53 with value: 0.5.
[I 2025-05-03 23:49:12,923] Trial 62 finished with value: 0.5 and parameters: {'learning_rate': 0.0001985684689255667, 'optimizer_type': 'adam', 'penalty_type': 'Reciprocal_L1', 'penalty_lambda': 0.09585861363737949, 'N_grad_samples': 10}. Best is trial 53 with value: 0.5.
[I 2025-05-04 00:28:23,895] Trial 63 finished with value: 0.5 and parameters: {'learning_rate': 0.00014114525729428418, 'optimizer_type': 'adam', 'penalty_type': 'Reciprocal_L1', 'penalty_lambda': 0.04121758745751752, 'N_grad_samples': 10}. Best is trial 53 with value: 0.5.
[I 2025-05-04 01:07:48,335] Trial 64 finished with value: 0.5 and parameters: {'learning_rate': 0.0001144104453992767, 'optimizer_type': 'adam', 'penalty_type': 'Reciprocal_L1', 'penalty_lambda': 0.014864030489103262, 'N_grad_samples': 10}. Best is trial 53 with value: 0.5.
[I 2025-05-04 01:47:05,513] Trial 65 finished with value: 0.5 and parameters: {'learning_rate': 0.00017313707398673153, 'optimizer_type': 'adam', 'penalty_type': 'Reciprocal_L1', 'penalty_lambda': 0.05774298190197743, 'N_grad_samples': 10}. Best is trial 53 with value: 0.5.
[I 2025-05-04 02:26:19,283] Trial 66 finished with value: 0.5 and parameters: {'learning_rate': 0.00022848853176959618, 'optimizer_type': 'adam', 'penalty_type': 'Reciprocal_L1', 'penalty_lambda': 0.033250885180019334, 'N_grad_samples': 10}. Best is trial 53 with value: 0.5.
[I 2025-05-04 03:05:30,806] Trial 67 finished with value: 0.375 and parameters: {'learning_rate': 0.00048793953479211007, 'optimizer_type': 'adam', 'penalty_type': 'Reciprocal_L1', 'penalty_lambda': 0.006701345786610372, 'N_grad_samples': 10}. Best is trial 53 with value: 0.5.
slurmstepd: error: *** JOB 4744344 ON babel-3-5 CANCELLED AT 2025-05-04T03:16:06 DUE TO TIME LIMIT ***
